# JRE version: Java(TM) SE Runtime Environment (8.0_181-b13) (build 1.8.0_181-b13)
# Java VM: Java HotSpot(TM) 64-Bit Server VM (25.181-b13 mixed mode bsd-amd64 compressed oops)
Heap:
 PSYoungGen      total 138240K, used 106341K [0x000000076ab00000, 0x0000000775180000, 0x00000007c0000000)
  eden space 127488K, 74% used [0x000000076ab00000,0x000000077085e0a0,0x0000000772780000)
  from space 10752K, 99% used [0x0000000772900000,0x000000077337b448,0x0000000773380000)
  to   space 21504K, 0% used [0x0000000773c80000,0x0000000773c80000,0x0000000775180000)
 ParOldGen       total 132096K, used 24949K [0x00000006c0000000, 0x00000006c8100000, 0x000000076ab00000)
  object space 132096K, 18% used [0x00000006c0000000,0x00000006c185d4b0,0x00000006c8100000)
 Metaspace       used 31997K, capacity 32984K, committed 33280K, reserved 1079296K
  class space    used 3547K, capacity 3786K, committed 3840K, reserved 1048576K
GC Heap History (10 events):
Event: 4.407 GC heap before
{Heap before GC invocations=2 (full 0):
 PSYoungGen      total 76288K, used 76256K [0x000000076ab00000, 0x0000000770000000, 0x00000007c0000000)
  eden space 65536K, 100% used [0x000000076ab00000,0x000000076eb00000,0x000000076eb00000)
  from space 10752K, 99% used [0x000000076eb00000,0x000000076f578050,0x000000076f580000)
  to   space 10752K, 0% used [0x000000076f580000,0x000000076f580000,0x0000000770000000)
 ParOldGen       total 175104K, used 523K [0x00000006c0000000, 0x00000006cab00000, 0x000000076ab00000)
  object space 175104K, 0% used [0x00000006c0000000,0x00000006c0082f50,0x00000006cab00000)
 Metaspace       used 18309K, capacity 18486K, committed 18944K, reserved 1067008K
  class space    used 1877K, capacity 1971K, committed 2048K, reserved 1048576K
Event: 4.420 GC heap after
Heap after GC invocations=2 (full 0):
 PSYoungGen      total 76288K, used 10728K [0x000000076ab00000, 0x0000000770000000, 0x00000007c0000000)
  eden space 65536K, 0% used [0x000000076ab00000,0x000000076ab00000,0x000000076eb00000)
  from space 10752K, 99% used [0x000000076f580000,0x000000076fffa1d8,0x0000000770000000)
  to   space 10752K, 0% used [0x000000076eb00000,0x000000076eb00000,0x000000076f580000)
 ParOldGen       total 175104K, used 10181K [0x00000006c0000000, 0x00000006cab00000, 0x000000076ab00000)
  object space 175104K, 5% used [0x00000006c0000000,0x00000006c09f1608,0x00000006cab00000)
 Metaspace       used 18309K, capacity 18486K, committed 18944K, reserved 1067008K
  class space    used 1877K, capacity 1971K, committed 2048K, reserved 1048576K
}
Event: 4.683 GC heap before
{Heap before GC invocations=3 (full 0):
 PSYoungGen      total 76288K, used 72798K [0x000000076ab00000, 0x0000000770000000, 0x00000007c0000000)
  eden space 65536K, 94% used [0x000000076ab00000,0x000000076e79d708,0x000000076eb00000)
  from space 10752K, 99% used [0x000000076f580000,0x000000076fffa1d8,0x0000000770000000)
  to   space 10752K, 0% used [0x000000076eb00000,0x000000076eb00000,0x000000076f580000)
 ParOldGen       total 175104K, used 10181K [0x00000006c0000000, 0x00000006cab00000, 0x000000076ab00000)
  object space 175104K, 5% used [0x00000006c0000000,0x00000006c09f1608,0x00000006cab00000)
 Metaspace       used 20804K, capacity 20982K, committed 21248K, reserved 1069056K
  class space    used 2134K, capacity 2227K, committed 2304K, reserved 1048576K
Event: 4.691 GC heap after
Heap after GC invocations=3 (full 0):
 PSYoungGen      total 76288K, used 10736K [0x000000076ab00000, 0x0000000774000000, 0x00000007c0000000)
  eden space 65536K, 0% used [0x000000076ab00000,0x000000076ab00000,0x000000076eb00000)
  from space 10752K, 99% used [0x000000076eb00000,0x000000076f57c270,0x000000076f580000)
  to   space 10752K, 0% used [0x0000000773580000,0x0000000773580000,0x0000000774000000)
 ParOldGen       total 175104K, used 16454K [0x00000006c0000000, 0x00000006cab00000, 0x000000076ab00000)
  object space 175104K, 9% used [0x00000006c0000000,0x00000006c10118b8,0x00000006cab00000)
 Metaspace       used 20804K, capacity 20982K, committed 21248K, reserved 1069056K
  class space    used 2134K, capacity 2227K, committed 2304K, reserved 1048576K
}
Event: 4.691 GC heap before
{Heap before GC invocations=4 (full 1):
 PSYoungGen      total 76288K, used 10736K [0x000000076ab00000, 0x0000000774000000, 0x00000007c0000000)
  eden space 65536K, 0% used [0x000000076ab00000,0x000000076ab00000,0x000000076eb00000)
  from space 10752K, 99% used [0x000000076eb00000,0x000000076f57c270,0x000000076f580000)
  to   space 10752K, 0% used [0x0000000773580000,0x0000000773580000,0x0000000774000000)
 ParOldGen       total 175104K, used 16454K [0x00000006c0000000, 0x00000006cab00000, 0x000000076ab00000)
  object space 175104K, 9% used [0x00000006c0000000,0x00000006c10118b8,0x00000006cab00000)
 Metaspace       used 20804K, capacity 20982K, committed 21248K, reserved 1069056K
  class space    used 2134K, capacity 2227K, committed 2304K, reserved 1048576K
Event: 4.749 GC heap after
Heap after GC invocations=4 (full 1):
 PSYoungGen      total 76288K, used 0K [0x000000076ab00000, 0x0000000774000000, 0x00000007c0000000)
  eden space 65536K, 0% used [0x000000076ab00000,0x000000076ab00000,0x000000076eb00000)
  from space 10752K, 0% used [0x000000076eb00000,0x000000076eb00000,0x000000076f580000)
  to   space 10752K, 0% used [0x0000000773580000,0x0000000773580000,0x0000000774000000)
 ParOldGen       total 132096K, used 22138K [0x00000006c0000000, 0x00000006c8100000, 0x000000076ab00000)
  object space 132096K, 16% used [0x00000006c0000000,0x00000006c159eb18,0x00000006c8100000)
 Metaspace       used 20804K, capacity 20982K, committed 21248K, reserved 1069056K
  class space    used 2134K, capacity 2227K, committed 2304K, reserved 1048576K
}
Event: 35.585 GC heap before
{Heap before GC invocations=5 (full 1):
 PSYoungGen      total 76288K, used 65536K [0x000000076ab00000, 0x0000000774000000, 0x00000007c0000000)
  eden space 65536K, 100% used [0x000000076ab00000,0x000000076eb00000,0x000000076eb00000)
  from space 10752K, 0% used [0x000000076eb00000,0x000000076eb00000,0x000000076f580000)
  to   space 10752K, 0% used [0x0000000773580000,0x0000000773580000,0x0000000774000000)
 ParOldGen       total 132096K, used 22138K [0x00000006c0000000, 0x00000006c8100000, 0x000000076ab00000)
  object space 132096K, 16% used [0x00000006c0000000,0x00000006c159eb18,0x00000006c8100000)
 Metaspace       used 25093K, capacity 25528K, committed 25600K, reserved 1073152K
  class space    used 2670K, capacity 2792K, committed 2816K, reserved 1048576K
Event: 35.589 GC heap after
Heap after GC invocations=5 (full 1):
 PSYoungGen      total 102400K, used 8484K [0x000000076ab00000, 0x0000000773e00000, 0x00000007c0000000)
  eden space 93696K, 0% used [0x000000076ab00000,0x000000076ab00000,0x0000000770680000)
  from space 8704K, 97% used [0x0000000773580000,0x0000000773dc9060,0x0000000773e00000)
  to   space 10752K, 0% used [0x0000000772900000,0x0000000772900000,0x0000000773380000)
 ParOldGen       total 132096K, used 22146K [0x00000006c0000000, 0x00000006c8100000, 0x000000076ab00000)
  object space 132096K, 16% used [0x00000006c0000000,0x00000006c15a0b18,0x00000006c8100000)
 Metaspace       used 25093K, capacity 25528K, committed 25600K, reserved 1073152K
  class space    used 2670K, capacity 2792K, committed 2816K, reserved 1048576K
}
Event: 88.717 GC heap before
{Heap before GC invocations=6 (full 1):
 PSYoungGen      total 102400K, used 102180K [0x000000076ab00000, 0x0000000773e00000, 0x00000007c0000000)
  eden space 93696K, 100% used [0x000000076ab00000,0x0000000770680000,0x0000000770680000)
  from space 8704K, 97% used [0x0000000773580000,0x0000000773dc9060,0x0000000773e00000)
  to   space 10752K, 0% used [0x0000000772900000,0x0000000772900000,0x0000000773380000)
 ParOldGen       total 132096K, used 22146K [0x00000006c0000000, 0x00000006c8100000, 0x000000076ab00000)
  object space 132096K, 16% used [0x00000006c0000000,0x00000006c15a0b18,0x00000006c8100000)
 Metaspace       used 28236K, capacity 28860K, committed 29056K, reserved 1075200K
  class space    used 3006K, capacity 3194K, committed 3200K, reserved 1048576K
Event: 88.726 GC heap after
Heap after GC invocations=6 (full 1):
 PSYoungGen      total 138240K, used 10733K [0x000000076ab00000, 0x0000000775180000, 0x00000007c0000000)
  eden space 127488K, 0% used [0x000000076ab00000,0x000000076ab00000,0x0000000772780000)
  from space 10752K, 99% used [0x0000000772900000,0x000000077337b448,0x0000000773380000)
  to   space 21504K, 0% used [0x0000000773c80000,0x0000000773c80000,0x0000000775180000)
 ParOldGen       total 132096K, used 24949K [0x00000006c0000000, 0x00000006c8100000, 0x000000076ab00000)
  object space 132096K, 18% used [0x00000006c0000000,0x00000006c185d4b0,0x00000006c8100000)
 Metaspace       used 28236K, capacity 28860K, committed 29056K, reserved 1075200K
  class space    used 3006K, capacity 3194K, committed 3200K, reserved 1048576K
}

